<?xml version="1.0" encoding="UTF-8"?>
<!-- Generated by org.testng.reporters.JUnitReportReporter -->
<testsuite skipped="2" hostname="DESKTOP-VBQG2JB" name="day2.NegativeCLTest" tests="4" failures="0" timestamp="08 Oct 2021 21:31:40 GMT" time="18.099" errors="0">
  <testcase name="addingContactBigSize" time="17.102" classname="day2.NegativeCLTest"/>
  <testcase name="passNumbersInFnLn" time="0.997" classname="day2.NegativeCLTest"/>
  <testcase name="addingContactMissing" classname="day2.NegativeCLTest">
    <skipped/>
  </testcase> <!-- addingContactMissing -->
  <testcase name="recordNotFound" classname="day2.NegativeCLTest">
    <skipped/>
  </testcase> <!-- recordNotFound -->
</testsuite> <!-- day2.NegativeCLTest -->
