<?xml version="1.0" encoding="UTF-8"?>
<!-- Generated by org.testng.reporters.JUnitReportReporter -->
<testsuite skipped="2" hostname="DESKTOP-VBQG2JB" name="day2.PCLT1" tests="6" failures="0" timestamp="08 Oct 2021 19:36:21 GMT" time="18.005" errors="0">
  <testcase name="updateContact" time="0.709" classname="day2.PCLT1"/>
  <testcase name="deleteContact" time="0.517" classname="day2.PCLT1"/>
  <testcase name="AddContact" time="16.248" classname="day2.PCLT1"/>
  <testcase name="getSpecificContact2" time="0.531" classname="day2.PCLT1"/>
  <testcase name="getSpecificContact" classname="day2.PCLT1">
    <skipped/>
  </testcase> <!-- getSpecificContact -->
  <testcase name="getContactListInfo" classname="day2.PCLT1">
    <skipped/>
  </testcase> <!-- getContactListInfo -->
</testsuite> <!-- day2.PCLT1 -->
