<?xml version="1.0" encoding="UTF-8"?>
<!-- Generated by org.testng.reporters.JUnitReportReporter -->
<testsuite skipped="0" hostname="DESKTOP-VBQG2JB" name="day2.GitHub" tests="2" failures="0" timestamp="08 Oct 2021 22:31:30 GMT" time="8.543" errors="0">
  <testcase name="createRepository" time="7.093" classname="day2.GitHub"/>
  <testcase name="gettingAllRepository" time="1.450" classname="day2.GitHub"/>
</testsuite> <!-- day2.GitHub -->
