<?xml version="1.0" encoding="UTF-8"?>
<!-- Generated by org.testng.reporters.JUnitReportReporter -->
<testsuite skipped="1" hostname="DESKTOP-VBQG2JB" name="wAPI.WeatherPuneAPI" tests="4" failures="0" timestamp="08 Oct 2021 23:43:07 GMT" time="13.151" errors="0">
  <testcase name="getWeather4" time="1.443" classname="wAPI.WeatherPuneAPI"/>
  <testcase name="getWeather" time="10.170" classname="wAPI.WeatherPuneAPI"/>
  <testcase name="getWeather3" time="1.538" classname="wAPI.WeatherPuneAPI"/>
  <testcase name="getWeather2" classname="wAPI.WeatherPuneAPI">
    <skipped/>
  </testcase> <!-- getWeather2 -->
</testsuite> <!-- wAPI.WeatherPuneAPI -->
